0 info it worked if it ends with ok
1 verbose cli [ 'node', '/usr/local/bin/npm', 'install', '-g', 'n' ]
2 info using npm@2.0.0
3 info using node@v0.12.15
4 verbose node symlink /usr/bin/node
5 verbose cache add [ 'n', null ]
6 verbose cache add spec="n" args=["n",null]
7 verbose parsed spec { raw: 'n',
7 verbose parsed spec   scope: null,
7 verbose parsed spec   name: 'n',
7 verbose parsed spec   rawSpec: '',
7 verbose parsed spec   spec: '*',
7 verbose parsed spec   type: 'range' }
8 verbose parsed spec { raw: 'n',
8 verbose parsed spec   scope: null,
8 verbose parsed spec   name: 'n',
8 verbose parsed spec   rawSpec: '',
8 verbose parsed spec   spec: '*',
8 verbose parsed spec   type: 'range' }
9 verbose addNamed [ 'n', '*' ]
10 verbose addNamed [ null, '*' ]
11 silly lockFile f07fadeb-n n@*
12 verbose lock n@* /home/paulina/.npm/f07fadeb-n.lock
13 silly addNameRange { name: 'n', range: '*', hasData: false }
14 verbose mapToRegistry name n
15 verbose mapToRegistry uri https://registry.npmjs.org/n
16 verbose request on initialization, where is /n
17 verbose request after pass 1, where is /n
18 verbose request url raw /n
19 verbose request resolving registry [ 'https://registry.npmjs.org/', './n' ]
20 verbose request after pass 2, where is https://registry.npmjs.org/n
21 verbose request no auth needed
22 info attempt registry request try #1 at 21:37:26
23 verbose request id 2d801de294e4808a
24 http request GET https://registry.npmjs.org/n
25 http 200 https://registry.npmjs.org/n
26 silly registry.get cb [ 200,
26 silly registry.get   { server: 'CouchDB/1.5.0 (Erlang OTP/R16B03)',
26 silly registry.get     etag: '"AL5RQHIZ0S2RY5U35V53SPLGU"',
26 silly registry.get     'content-type': 'application/json',
26 silly registry.get     'content-encoding': 'gzip',
26 silly registry.get     'cache-control': 'max-age=300',
26 silly registry.get     'content-length': '12041',
26 silly registry.get     'accept-ranges': 'bytes',
26 silly registry.get     date: 'Fri, 02 Sep 2016 19:37:28 GMT',
26 silly registry.get     via: '1.1 varnish',
26 silly registry.get     age: '100',
26 silly registry.get     connection: 'close',
26 silly registry.get     'x-served-by': 'cache-fra1221-FRA',
26 silly registry.get     'x-cache': 'HIT',
26 silly registry.get     'x-cache-hits': '1',
26 silly registry.get     'x-timer': 'S1472845048.357312,VS0,VE0',
26 silly registry.get     vary: 'Accept-Encoding' } ]
27 silly addNameRange number 2 { name: 'n', range: '*', hasData: true }
28 silly addNameRange versions [ 'n',
28 silly addNameRange   [ '0.0.1',
28 silly addNameRange     '0.0.2',
28 silly addNameRange     '0.0.3',
28 silly addNameRange     '0.0.4',
28 silly addNameRange     '0.1.0',
28 silly addNameRange     '0.1.1',
28 silly addNameRange     '0.1.2',
28 silly addNameRange     '0.2.0',
28 silly addNameRange     '0.2.1',
28 silly addNameRange     '0.2.2',
28 silly addNameRange     '0.3.0',
28 silly addNameRange     '0.4.0',
28 silly addNameRange     '0.4.1',
28 silly addNameRange     '0.4.2',
28 silly addNameRange     '0.5.0',
28 silly addNameRange     '0.5.1',
28 silly addNameRange     '0.5.2',
28 silly addNameRange     '0.5.3',
28 silly addNameRange     '0.5.4',
28 silly addNameRange     '0.6.0',
28 silly addNameRange     '0.6.1',
28 silly addNameRange     '0.7.0',
28 silly addNameRange     '0.7.1',
28 silly addNameRange     '0.7.2',
28 silly addNameRange     '0.7.3',
28 silly addNameRange     '0.8.0',
28 silly addNameRange     '0.8.1',
28 silly addNameRange     '0.8.2',
28 silly addNameRange     '0.9.0',
28 silly addNameRange     '0.9.1',
28 silly addNameRange     '0.9.2',
28 silly addNameRange     '0.9.3',
28 silly addNameRange     '1.0.0',
28 silly addNameRange     '1.1.0',
28 silly addNameRange     '1.2.1',
28 silly addNameRange     '1.2.2',
28 silly addNameRange     '1.2.3',
28 silly addNameRange     '1.2.4',
28 silly addNameRange     '1.2.5',
28 silly addNameRange     '1.2.6',
28 silly addNameRange     '1.2.7',
28 silly addNameRange     '1.2.8',
28 silly addNameRange     '1.2.9',
28 silly addNameRange     '1.2.11',
28 silly addNameRange     '1.2.13',
28 silly addNameRange     '1.2.14',
28 silly addNameRange     '1.3.0',
28 silly addNameRange     '1.4.0',
28 silly addNameRange     '2.0.0',
28 silly addNameRange     '1.4.1',
28 silly addNameRange     '2.0.1',
28 silly addNameRange     '1.4.2',
28 silly addNameRange     '2.0.2',
28 silly addNameRange     '2.1.0',
28 silly addNameRange     '2.1.1',
28 silly addNameRange     '2.1.2',
28 silly addNameRange     '2.1.3',
28 silly addNameRange     '2.1.4' ] ]
29 verbose addNamed [ 'n', '2.1.4' ]
30 verbose addNamed [ '2.1.4', '2.1.4' ]
31 silly lockFile 8ad3610e-n-2-1-4 n@2.1.4
32 verbose lock n@2.1.4 /home/paulina/.npm/8ad3610e-n-2-1-4.lock
33 silly lockFile 8af61279-registry-npmjs-org-n-n-2-1-4-tgz https://registry.npmjs.org/n/-/n-2.1.4.tgz
34 verbose lock https://registry.npmjs.org/n/-/n-2.1.4.tgz /home/paulina/.npm/8af61279-registry-npmjs-org-n-n-2-1-4-tgz.lock
35 verbose addRemoteTarball [ 'https://registry.npmjs.org/n/-/n-2.1.4.tgz',
35 verbose addRemoteTarball   '7546bc467a120cc96718f2716cd86c43290f94c5' ]
36 info retry fetch attempt 1 at 21:37:27
37 info attempt registry request try #1 at 21:37:27
38 http fetch GET https://registry.npmjs.org/n/-/n-2.1.4.tgz
39 http fetch 200 https://registry.npmjs.org/n/-/n-2.1.4.tgz
40 silly fetchAndShaCheck shasum 7546bc467a120cc96718f2716cd86c43290f94c5
41 silly lockFile 8af61279-registry-npmjs-org-n-n-2-1-4-tgz https://registry.npmjs.org/n/-/n-2.1.4.tgz
42 silly lockFile 8af61279-registry-npmjs-org-n-n-2-1-4-tgz https://registry.npmjs.org/n/-/n-2.1.4.tgz
43 silly lockFile 8ad3610e-n-2-1-4 n@2.1.4
44 silly lockFile 8ad3610e-n-2-1-4 n@2.1.4
45 silly lockFile f07fadeb-n n@*
46 silly lockFile f07fadeb-n n@*
47 silly resolved [ { name: 'n',
47 silly resolved     description: 'Interactively Manage All Your Node Versions',
47 silly resolved     version: '2.1.4',
47 silly resolved     author: { name: 'TJ Holowaychuk', email: 'tj@vision-media.ca' },
47 silly resolved     homepage: 'https://github.com/tj/n',
47 silly resolved     bugs: { url: 'https://github.com/tj/n/issues' },
47 silly resolved     contributors: [ [Object], [Object], [Object] ],
47 silly resolved     keywords:
47 silly resolved      [ 'nvm',
47 silly resolved        'node',
47 silly resolved        'version',
47 silly resolved        'manager',
47 silly resolved        'switcher',
47 silly resolved        'node',
47 silly resolved        'binary',
47 silly resolved        'env' ],
47 silly resolved     bin: { n: './bin/n' },
47 silly resolved     repository: { type: 'git', url: 'git://github.com/tj/n.git' },
47 silly resolved     preferGlobal: true,
47 silly resolved     os: [ '!win32' ],
47 silly resolved     engines: { node: '*' },
47 silly resolved     license: 'MIT',
47 silly resolved     gitHead: 'ff9ba303d972069903c0f951ece43f47adce24e8',
47 silly resolved     _id: 'n@2.1.4',
47 silly resolved     scripts: {},
47 silly resolved     _shasum: '7546bc467a120cc96718f2716cd86c43290f94c5',
47 silly resolved     _from: 'n@*',
47 silly resolved     _npmVersion: '3.10.3',
47 silly resolved     _nodeVersion: '6.3.1',
47 silly resolved     _npmUser: { name: 'qw3rtman', email: 'me@nimit.io' },
47 silly resolved     dist:
47 silly resolved      { shasum: '7546bc467a120cc96718f2716cd86c43290f94c5',
47 silly resolved        tarball: 'https://registry.npmjs.org/n/-/n-2.1.4.tgz' },
47 silly resolved     maintainers: [ [Object], [Object], [Object], [Object], [Object], [Object] ],
47 silly resolved     _npmOperationalInternal:
47 silly resolved      { host: 'packages-16-east.internal.npmjs.com',
47 silly resolved        tmp: 'tmp/n-2.1.4.tgz_1470600124670_0.21058935346081853' },
47 silly resolved     directories: {},
47 silly resolved     _resolved: 'https://registry.npmjs.org/n/-/n-2.1.4.tgz' } ]
48 info install n@2.1.4 into /usr/lib
49 info installOne n@2.1.4
50 verbose lib/node_modules/n unbuild
51 verbose gentlyRm vacuuming /usr/lib/node_modules/n
52 verbose tar unpack /home/paulina/.npm/n/2.1.4/package.tgz
53 silly lockFile fbc6e631-tar-usr-lib-node-modules-n tar:///usr/lib/node_modules/n
54 verbose lock tar:///usr/lib/node_modules/n /home/paulina/.npm/fbc6e631-tar-usr-lib-node-modules-n.lock
55 silly lockFile 3584e2c1--paulina-npm-n-2-1-4-package-tgz tar:///home/paulina/.npm/n/2.1.4/package.tgz
56 verbose lock tar:///home/paulina/.npm/n/2.1.4/package.tgz /home/paulina/.npm/3584e2c1--paulina-npm-n-2-1-4-package-tgz.lock
57 verbose gentlyRm vacuuming /usr/lib/node_modules/n
58 silly gunzTarPerm modes [ '775', '664' ]
59 verbose fstream_path /usr/lib/node_modules/n
60 verbose fstream_type Directory
61 verbose fstream_class DirWriter
62 verbose stack Error: EACCES, mkdir '/usr/lib/node_modules/n'
62 verbose stack     at Error (native)
63 verbose fstream_stack /usr/local/lib/node_modules/npm/node_modules/fstream/lib/dir-writer.js:36:23
63 verbose fstream_stack /usr/local/lib/node_modules/npm/node_modules/mkdirp/index.js:46:53
63 verbose fstream_stack FSReqWrap.oncomplete (fs.js:95:15)
64 verbose cwd /home/paulina/studio/server
65 error Linux 3.13.0-95-generic
66 error argv "node" "/usr/local/bin/npm" "install" "-g" "n"
67 error node v0.12.15
68 error npm  v2.0.0
69 error path /usr/lib/node_modules/n
70 error code EACCES
71 error errno -13
72 error Error: EACCES, mkdir '/usr/lib/node_modules/n'
72 error     at Error (native)
72 error  { [Error: EACCES, mkdir '/usr/lib/node_modules/n']
72 error   errno: -13,
72 error   code: 'EACCES',
72 error   path: '/usr/lib/node_modules/n',
72 error   fstream_type: 'Directory',
72 error   fstream_path: '/usr/lib/node_modules/n',
72 error   fstream_class: 'DirWriter',
72 error   fstream_stack:
72 error    [ '/usr/local/lib/node_modules/npm/node_modules/fstream/lib/dir-writer.js:36:23',
72 error      '/usr/local/lib/node_modules/npm/node_modules/mkdirp/index.js:46:53',
72 error      'FSReqWrap.oncomplete (fs.js:95:15)' ] }
73 error Please try running this command again as root/Administrator.
74 verbose exit [ -13, true ]
